version: (200506)

available memory: 64M bytes
used memory: 73728 bytes [need 72K bytes if disable swap]

used block: 2 [memory(2) file(0)]
                 [ 8K(1) 64K(1) { total 72K bytes } ]
overhead: (9531) bytes for (2) blocks [Average: (4765) bytes/block]

write  => 0(times) 0K(bytes) [0K bytes to file]
read   => 1(times) 5K(bytes) [1K bytes compressed data from file]
access => 11732(times) 93M(bytes)
          [hit ratio: 99.9915%]

time: write(0) read(0)  unit: second

swap file directory: (/home/ian/project/uvm_sha1/vcs/verdiLog)
used swap file number: (1)



swap file manager:
arrSize: (256)
idxCnt: (4)
closeHead: (1)
closeTail: (2)
openCnt: (2)
fid(3): fd(0) fileName(/home/ian/project/uvm_sha1/vcs/simv.daidir/kdb.elab++/work.lib++/my_transaction.sv.tdc)
	size(15586) lastModTime(1681111250) curModTime(1681111250)
	mode(rb)	hot(0) cool(0) pos(0)
fid(2): fd(59) fileName(/home/ian/project/uvm_sha1/vcs/verdiLog/_swap_0001#8323329#10892)
	size(0) lastModTime(0) curModTime(1681119622)
	mode(w+b)	hot(0) cool(1) pos(0)
fid(1): fd(1073741824) fileName(/home/ian/project/uvm_sha1/vcs/simv.daidir/kdb.elab++/work.lib++/tb.sv.tdc)
	size(2481) lastModTime(1681111250) curModTime(1681111250)
	mode(rb)	hot(2) cool(0) pos(0)
fid(0): fd(0) fileName(NULL)
	mode(NULL)	hot(0) cool(0) pos(0)
==================================================
mySelf(160e7510) pre(14f29ee0) next(0)
version(200506)
date(Feb 11 2019 22:10:27)
