version: (200506)

available memory: 64M bytes
used memory: 237568 bytes [need 232K bytes if disable swap]

used block: 8 [memory(8) file(0)]
                 [ 8K(5) 64K(3) { total 232K bytes } ]
overhead: (9522) bytes for (8) blocks [Average: (1190) bytes/block]

write  => 0(times) 0K(bytes) [0K bytes to file]
read   => 3(times) 32K(bytes) [8K bytes compressed data from file]
access => 116344(times) 922M(bytes)
          [hit ratio: 99.9974%]

time: write(0) read(0)  unit: second

swap file directory: (/home/ian/project/uvm_asynfifo/vcs/verdiLog)
used swap file number: (5)



swap file manager:
arrSize: (256)
idxCnt: (6)
closeHead: (1)
closeTail: (5)
openCnt: (4)
fid(5): fd(1073741826) fileName(/home/ian/project/uvm_asynfifo/vcs/simv.daidir/kdb.elab++/work.lib++/uvm_analysis_port.svh#inc__uvm_pkg__78#.tdc)
	size(7344) lastModTime(1681640394) curModTime(1681640394)
	mode(rb)	hot(0) cool(4) pos(0)
fid(4): fd(1073741825) fileName(/home/ian/project/uvm_asynfifo/vcs/simv.daidir/kdb.elab++/work.lib++/uvm_pkg.sv.tdc)
	size(2268) lastModTime(1681640394) curModTime(1681640394)
	mode(rb)	hot(5) cool(2) pos(0)
fid(3): fd(0) fileName(/home/ian/project/uvm_asynfifo/vcs/simv.daidir/kdb.elab++/work.lib++/fifo_if.sv.tdc)
	size(939) lastModTime(1681640394) curModTime(1681640394)
	mode(rb)	hot(0) cool(0) pos(0)
fid(2): fd(41) fileName(/home/ian/project/uvm_asynfifo/vcs/verdiLog/_swap_0001#8323329#494)
	size(0) lastModTime(0) curModTime(1681645563)
	mode(w+b)	hot(4) cool(1) pos(0)
fid(1): fd(1073741824) fileName(/home/ian/project/uvm_asynfifo/vcs/simv.daidir/kdb.elab++/work.lib++/tb.sv.tdc)
	size(3650) lastModTime(1681640394) curModTime(1681640394)
	mode(rb)	hot(2) cool(0) pos(0)
fid(0): fd(0) fileName(NULL)
	mode(NULL)	hot(0) cool(0) pos(0)
==================================================
mySelf(14d309a0) pre(13158d80) next(0)
version(200506)
date(Feb 11 2019 22:10:27)
